# JRE version: Java(TM) SE Runtime Environment (8.0_65-b17) (build 1.8.0_65-b17)
# Java VM: Java HotSpot(TM) 64-Bit Server VM (25.65-b01 mixed mode windows-amd64 compressed oops)
Heap:
 PSYoungGen      total 37888K, used 17668K [0x00000000d6380000, 0x00000000d8d80000, 0x0000000100000000)
  eden space 32768K, 53% used [0x00000000d6380000,0x00000000d74c1278,0x00000000d8380000)
  from space 5120K, 0% used [0x00000000d8880000,0x00000000d8880000,0x00000000d8d80000)
  to   space 5120K, 0% used [0x00000000d8380000,0x00000000d8380000,0x00000000d8880000)
 ParOldGen       total 63488K, used 10194K [0x0000000082a00000, 0x0000000086800000, 0x00000000d6380000)
  object space 63488K, 16% used [0x0000000082a00000,0x00000000833f48e8,0x0000000086800000)
 Metaspace       used 22922K, capacity 23940K, committed 24192K, reserved 1071104K
  class space    used 3153K, capacity 3369K, committed 3456K, reserved 1048576K
GC Heap History (6 events):
Event: 1.897 GC heap before
{Heap before GC invocations=1 (full 0):
 PSYoungGen      total 37888K, used 32768K [0x00000000d6380000, 0x00000000d8d80000, 0x0000000100000000)
  eden space 32768K, 100% used [0x00000000d6380000,0x00000000d8380000,0x00000000d8380000)
  from space 5120K, 0% used [0x00000000d8880000,0x00000000d8880000,0x00000000d8d80000)
  to   space 5120K, 0% used [0x00000000d8380000,0x00000000d8380000,0x00000000d8880000)
 ParOldGen       total 86016K, used 0K [0x0000000082a00000, 0x0000000087e00000, 0x00000000d6380000)
  object space 86016K, 0% used [0x0000000082a00000,0x0000000082a00000,0x0000000087e00000)
 Metaspace       used 15588K, capacity 16312K, committed 16512K, reserved 1062912K
  class space    used 2166K, capacity 2380K, committed 2432K, reserved 1048576K
Event: 1.901 GC heap after
Heap after GC invocations=1 (full 0):
 PSYoungGen      total 37888K, used 5090K [0x00000000d6380000, 0x00000000d8d80000, 0x0000000100000000)
  eden space 32768K, 0% used [0x00000000d6380000,0x00000000d6380000,0x00000000d8380000)
  from space 5120K, 99% used [0x00000000d8380000,0x00000000d8878ac0,0x00000000d8880000)
  to   space 5120K, 0% used [0x00000000d8880000,0x00000000d8880000,0x00000000d8d80000)
 ParOldGen       total 86016K, used 4246K [0x0000000082a00000, 0x0000000087e00000, 0x00000000d6380000)
  object space 86016K, 4% used [0x0000000082a00000,0x0000000082e25808,0x0000000087e00000)
 Metaspace       used 15588K, capacity 16312K, committed 16512K, reserved 1062912K
  class space    used 2166K, capacity 2380K, committed 2432K, reserved 1048576K
}
Event: 2.220 GC heap before
{Heap before GC invocations=2 (full 0):
 PSYoungGen      total 37888K, used 17063K [0x00000000d6380000, 0x00000000d8d80000, 0x0000000100000000)
  eden space 32768K, 36% used [0x00000000d6380000,0x00000000d6f31340,0x00000000d8380000)
  from space 5120K, 99% used [0x00000000d8380000,0x00000000d8878ac0,0x00000000d8880000)
  to   space 5120K, 0% used [0x00000000d8880000,0x00000000d8880000,0x00000000d8d80000)
 ParOldGen       total 86016K, used 4246K [0x0000000082a00000, 0x0000000087e00000, 0x00000000d6380000)
  object space 86016K, 4% used [0x0000000082a00000,0x0000000082e25808,0x0000000087e00000)
 Metaspace       used 20526K, capacity 21208K, committed 21296K, reserved 1067008K
  class space    used 2735K, capacity 2924K, committed 2944K, reserved 1048576K
Event: 2.225 GC heap after
Heap after GC invocations=2 (full 0):
 PSYoungGen      total 37888K, used 5101K [0x00000000d6380000, 0x00000000d8d80000, 0x0000000100000000)
  eden space 32768K, 0% used [0x00000000d6380000,0x00000000d6380000,0x00000000d8380000)
  from space 5120K, 99% used [0x00000000d8880000,0x00000000d8d7b750,0x00000000d8d80000)
  to   space 5120K, 0% used [0x00000000d8380000,0x00000000d8380000,0x00000000d8880000)
 ParOldGen       total 86016K, used 7407K [0x0000000082a00000, 0x0000000087e00000, 0x00000000d6380000)
  object space 86016K, 8% used [0x0000000082a00000,0x000000008313bfb0,0x0000000087e00000)
 Metaspace       used 20526K, capacity 21208K, committed 21296K, reserved 1067008K
  class space    used 2735K, capacity 2924K, committed 2944K, reserved 1048576K
}
Event: 2.225 GC heap before
{Heap before GC invocations=3 (full 1):
 PSYoungGen      total 37888K, used 5101K [0x00000000d6380000, 0x00000000d8d80000, 0x0000000100000000)
  eden space 32768K, 0% used [0x00000000d6380000,0x00000000d6380000,0x00000000d8380000)
  from space 5120K, 99% used [0x00000000d8880000,0x00000000d8d7b750,0x00000000d8d80000)
  to   space 5120K, 0% used [0x00000000d8380000,0x00000000d8380000,0x00000000d8880000)
 ParOldGen       total 86016K, used 7407K [0x0000000082a00000, 0x0000000087e00000, 0x00000000d6380000)
  object space 86016K, 8% used [0x0000000082a00000,0x000000008313bfb0,0x0000000087e00000)
 Metaspace       used 20526K, capacity 21208K, committed 21296K, reserved 1067008K
  class space    used 2735K, capacity 2924K, committed 2944K, reserved 1048576K
Event: 2.245 GC heap after
Heap after GC invocations=3 (full 1):
 PSYoungGen      total 37888K, used 0K [0x00000000d6380000, 0x00000000d8d80000, 0x0000000100000000)
  eden space 32768K, 0% used [0x00000000d6380000,0x00000000d6380000,0x00000000d8380000)
  from space 5120K, 0% used [0x00000000d8880000,0x00000000d8880000,0x00000000d8d80000)
  to   space 5120K, 0% used [0x00000000d8380000,0x00000000d8380000,0x00000000d8880000)
 ParOldGen       total 63488K, used 10194K [0x0000000082a00000, 0x0000000086800000, 0x00000000d6380000)
  object space 63488K, 16% used [0x0000000082a00000,0x00000000833f48e8,0x0000000086800000)
 Metaspace       used 20526K, capacity 21208K, committed 21296K, reserved 1067008K
  class space    used 2735K, capacity 2924K, committed 2944K, reserved 1048576K
}

