# JRE version: Java(TM) SE Runtime Environment (8.0_65-b17) (build 1.8.0_65-b17)
# Java VM: Java HotSpot(TM) 64-Bit Server VM (25.65-b01 mixed mode windows-amd64 compressed oops)
Heap:
 PSYoungGen      total 37888K, used 32740K [0x00000000d6380000, 0x00000000d8d80000, 0x0000000100000000)
  eden space 32768K, 99% used [0x00000000d6380000,0x00000000d8379168,0x00000000d8380000)
  from space 5120K, 0% used [0x00000000d8880000,0x00000000d8880000,0x00000000d8d80000)
  to   space 5120K, 0% used [0x00000000d8380000,0x00000000d8380000,0x00000000d8880000)
 ParOldGen       total 61952K, used 3473K [0x0000000082a00000, 0x0000000086680000, 0x00000000d6380000)
  object space 61952K, 5% used [0x0000000082a00000,0x0000000082d646f8,0x0000000086680000)
 Metaspace       used 13443K, capacity 14098K, committed 14336K, reserved 1062912K
  class space    used 1836K, capacity 2001K, committed 2048K, reserved 1048576K
GC Heap History (8 events):
Event: 0.247 GC heap before
{Heap before GC invocations=1 (full 0):
 PSYoungGen      total 37888K, used 10651K [0x00000000d6380000, 0x00000000d8d80000, 0x0000000100000000)
  eden space 32768K, 32% used [0x00000000d6380000,0x00000000d6de6c18,0x00000000d8380000)
  from space 5120K, 0% used [0x00000000d8880000,0x00000000d8880000,0x00000000d8d80000)
  to   space 5120K, 0% used [0x00000000d8380000,0x00000000d8380000,0x00000000d8880000)
 ParOldGen       total 86016K, used 0K [0x0000000082a00000, 0x0000000087e00000, 0x00000000d6380000)
  object space 86016K, 0% used [0x0000000082a00000,0x0000000082a00000,0x0000000087e00000)
 Metaspace       used 6217K, capacity 6880K, committed 7040K, reserved 1056768K
  class space    used 772K, capacity 871K, committed 896K, reserved 1048576K
Event: 0.248 GC heap after
Heap after GC invocations=1 (full 0):
 PSYoungGen      total 37888K, used 1040K [0x00000000d6380000, 0x00000000d8d80000, 0x0000000100000000)
  eden space 32768K, 0% used [0x00000000d6380000,0x00000000d6380000,0x00000000d8380000)
  from space 5120K, 20% used [0x00000000d8380000,0x00000000d8484010,0x00000000d8880000)
  to   space 5120K, 0% used [0x00000000d8880000,0x00000000d8880000,0x00000000d8d80000)
 ParOldGen       total 86016K, used 8K [0x0000000082a00000, 0x0000000087e00000, 0x00000000d6380000)
  object space 86016K, 0% used [0x0000000082a00000,0x0000000082a02000,0x0000000087e00000)
 Metaspace       used 6217K, capacity 6880K, committed 7040K, reserved 1056768K
  class space    used 772K, capacity 871K, committed 896K, reserved 1048576K
}
Event: 0.248 GC heap before
{Heap before GC invocations=2 (full 1):
 PSYoungGen      total 37888K, used 1040K [0x00000000d6380000, 0x00000000d8d80000, 0x0000000100000000)
  eden space 32768K, 0% used [0x00000000d6380000,0x00000000d6380000,0x00000000d8380000)
  from space 5120K, 20% used [0x00000000d8380000,0x00000000d8484010,0x00000000d8880000)
  to   space 5120K, 0% used [0x00000000d8880000,0x00000000d8880000,0x00000000d8d80000)
 ParOldGen       total 86016K, used 8K [0x0000000082a00000, 0x0000000087e00000, 0x00000000d6380000)
  object space 86016K, 0% used [0x0000000082a00000,0x0000000082a02000,0x0000000087e00000)
 Metaspace       used 6217K, capacity 6880K, committed 7040K, reserved 1056768K
  class space    used 772K, capacity 871K, committed 896K, reserved 1048576K
Event: 0.255 GC heap after
Heap after GC invocations=2 (full 1):
 PSYoungGen      total 37888K, used 0K [0x00000000d6380000, 0x00000000d8d80000, 0x0000000100000000)
  eden space 32768K, 0% used [0x00000000d6380000,0x00000000d6380000,0x00000000d8380000)
  from space 5120K, 0% used [0x00000000d8380000,0x00000000d8380000,0x00000000d8880000)
  to   space 5120K, 0% used [0x00000000d8880000,0x00000000d8880000,0x00000000d8d80000)
 ParOldGen       total 61952K, used 866K [0x0000000082a00000, 0x0000000086680000, 0x00000000d6380000)
  object space 61952K, 1% used [0x0000000082a00000,0x0000000082ad8b48,0x0000000086680000)
 Metaspace       used 6217K, capacity 6880K, committed 7040K, reserved 1056768K
  class space    used 772K, capacity 871K, committed 896K, reserved 1048576K
}
Event: 1.098 GC heap before
{Heap before GC invocations=3 (full 1):
 PSYoungGen      total 37888K, used 17279K [0x00000000d6380000, 0x00000000d8d80000, 0x0000000100000000)
  eden space 32768K, 52% used [0x00000000d6380000,0x00000000d745ff40,0x00000000d8380000)
  from space 5120K, 0% used [0x00000000d8380000,0x00000000d8380000,0x00000000d8880000)
  to   space 5120K, 0% used [0x00000000d8880000,0x00000000d8880000,0x00000000d8d80000)
 ParOldGen       total 61952K, used 866K [0x0000000082a00000, 0x0000000086680000, 0x00000000d6380000)
  object space 61952K, 1% used [0x0000000082a00000,0x0000000082ad8b48,0x0000000086680000)
 Metaspace       used 13112K, capacity 13740K, committed 13824K, reserved 1064960K
  class space    used 1822K, capacity 1998K, committed 2048K, reserved 1048576K
Event: 1.101 GC heap after
Heap after GC invocations=3 (full 1):
 PSYoungGen      total 37888K, used 2802K [0x00000000d6380000, 0x00000000d8d80000, 0x0000000100000000)
  eden space 32768K, 0% used [0x00000000d6380000,0x00000000d6380000,0x00000000d8380000)
  from space 5120K, 54% used [0x00000000d8880000,0x00000000d8b3ca80,0x00000000d8d80000)
  to   space 5120K, 0% used [0x00000000d8380000,0x00000000d8380000,0x00000000d8880000)
 ParOldGen       total 61952K, used 874K [0x0000000082a00000, 0x0000000086680000, 0x00000000d6380000)
  object space 61952K, 1% used [0x0000000082a00000,0x0000000082adab48,0x0000000086680000)
 Metaspace       used 13112K, capacity 13740K, committed 13824K, reserved 1064960K
  class space    used 1822K, capacity 1998K, committed 2048K, reserved 1048576K
}
Event: 1.101 GC heap before
{Heap before GC invocations=4 (full 2):
 PSYoungGen      total 37888K, used 2802K [0x00000000d6380000, 0x00000000d8d80000, 0x0000000100000000)
  eden space 32768K, 0% used [0x00000000d6380000,0x00000000d6380000,0x00000000d8380000)
  from space 5120K, 54% used [0x00000000d8880000,0x00000000d8b3ca80,0x00000000d8d80000)
  to   space 5120K, 0% used [0x00000000d8380000,0x00000000d8380000,0x00000000d8880000)
 ParOldGen       total 61952K, used 874K [0x0000000082a00000, 0x0000000086680000, 0x00000000d6380000)
  object space 61952K, 1% used [0x0000000082a00000,0x0000000082adab48,0x0000000086680000)
 Metaspace       used 13112K, capacity 13740K, committed 13824K, reserved 1064960K
  class space    used 1822K, capacity 1998K, committed 2048K, reserved 1048576K
Event: 1.117 GC heap after
Heap after GC invocations=4 (full 2):
 PSYoungGen      total 37888K, used 0K [0x00000000d6380000, 0x00000000d8d80000, 0x0000000100000000)
  eden space 32768K, 0% used [0x00000000d6380000,0x00000000d6380000,0x00000000d8380000)
  from space 5120K, 0% used [0x00000000d8880000,0x00000000d8880000,0x00000000d8d80000)
  to   space 5120K, 0% used [0x00000000d8380000,0x00000000d8380000,0x00000000d8880000)
 ParOldGen       total 61952K, used 3473K [0x0000000082a00000, 0x0000000086680000, 0x00000000d6380000)
  object space 61952K, 5% used [0x0000000082a00000,0x0000000082d646f8,0x0000000086680000)
 Metaspace       used 13112K, capacity 13740K, committed 13824K, reserved 1062912K
  class space    used 1822K, capacity 1998K, committed 2048K, reserved 1048576K
}

